<?xml version="1.0" encoding="UTF-8"?>
<testng-results skipped="0" failed="0" ignored="0" total="1" passed="1">
  <reporter-output>
  </reporter-output>
  <suite name="Suite" duration-ms="6677" started-at="2021-11-15T22:53:20 CET" finished-at="2021-11-15T22:53:27 CET">
    <groups>
    </groups>
    <test name="Test" duration-ms="6677" started-at="2021-11-15T22:53:20 CET" finished-at="2021-11-15T22:53:27 CET">
      <class name="com.company.sa.test.SearchWordTestCase">
        <test-method status="PASS" signature="setUp()[pri:0, instance:com.company.sa.test.SearchWordTestCase@6b9651f3]" name="setUp" is-config="true" duration-ms="9399" started-at="2021-11-15T22:53:11 CET" finished-at="2021-11-15T22:53:20 CET">
          <reporter-output>
          </reporter-output>
        </test-method> <!-- setUp -->
        <test-method status="PASS" signature="searchWordTest()[pri:0, instance:com.company.sa.test.SearchWordTestCase@6b9651f3]" name="searchWordTest" duration-ms="6613" started-at="2021-11-15T22:53:20 CET" finished-at="2021-11-15T22:53:27 CET">
          <reporter-output>
          </reporter-output>
        </test-method> <!-- searchWordTest -->
        <test-method status="PASS" signature="tearDown()[pri:0, instance:com.company.sa.test.SearchWordTestCase@6b9651f3]" name="tearDown" is-config="true" duration-ms="317" started-at="2021-11-15T22:53:27 CET" finished-at="2021-11-15T22:53:27 CET">
          <reporter-output>
          </reporter-output>
        </test-method> <!-- tearDown -->
      </class> <!-- com.company.sa.test.SearchWordTestCase -->
    </test> <!-- Test -->
  </suite> <!-- Suite -->
</testng-results>
